<?xml version="1.0" encoding="UTF-8"?>
<!-- Generated by org.testng.reporters.JUnitReportReporter -->
<testsuite hostname="LAPTOP-RQ436KOA" failures="0" tests="4" name="com.automation.testcases.ValidateDefendantInfo" time="34.630" errors="0" timestamp="2023-02-21T20:26:21 IST" skipped="0">
  <testcase classname="com.automation.testcases.ValidateDefendantInfo" name="verifyDefendantIndustry" time="8.615"/>
  <system-out/>
  <testcase classname="com.automation.testcases.ValidateDefendantInfo" name="verifyDefendantSummary" time="9.686"/>
  <system-out/>
  <testcase classname="com.automation.testcases.ValidateDefendantInfo" name="verifyDefendantWebsite" time="8.325"/>
  <system-out/>
  <testcase classname="com.automation.testcases.ValidateDefendantInfo" name="verifyDefendantName" time="8.004"/>
  <system-out/>
</testsuite> <!-- com.automation.testcases.ValidateDefendantInfo -->
